  ▲ Next.js 14.2.28
  - Local:        http://localhost:3000
  - Experiments (use with caution):
    · outputFileTracingRoot

 ✓ Starting...
 ✓ Ready in 1431ms
 ○ Compiling /_not-found ...
 ✓ Compiled /_not-found in 1716ms (521 modules)
 GET /api/auth/csrf 404 in 2057ms
 ✓ Compiled in 506ms (268 modules)
 ○ Compiling / ...
 ✓ Compiled / in 522ms (617 modules)
 GET / 200 in 748ms
 ✓ Compiled /offline in 408ms (667 modules)
 GET / 200 in 538ms
 GET /offline 200 in 555ms
 GET / 200 in 27ms
 GET / 200 in 25ms
 ✓ Compiled /test in 497ms (685 modules)
 GET /test 200 in 579ms
Attention: Next.js now collects completely anonymous telemetry regarding usage.
This information is used to shape Next.js' roadmap and prioritize features.
You can learn more, including how to opt-out if you'd not like to participate in this anonymous program, by visiting the following URL:
https://nextjs.org/telemetry

[?25h
