  ▲ Next.js 14.2.28
  - Local:        http://localhost:3000
  - Experiments (use with caution):
    · outputFileTracingRoot

 ✓ Starting...
 ✓ Ready in 1453ms
 ○ Compiling /_not-found ...
 ✓ Compiled /_not-found in 1717ms (521 modules)
 GET /api/auth/csrf 404 in 2198ms
 ✓ Compiled in 533ms (268 modules)
 ○ Compiling / ...
 ✓ Compiled / in 523ms (617 modules)
 GET / 200 in 682ms
 ✓ Compiled /offline in 407ms (667 modules)
 GET / 200 in 540ms
 GET /offline 200 in 554ms
 GET / 200 in 25ms
 GET / 200 in 27ms
 GET / 200 in 33ms
 GET / 200 in 26ms
 ✓ Compiled in 821ms (650 modules)
 ✓ Compiled in 312ms (344 modules)
[?25h
