Attention: Next.js now collects completely anonymous telemetry regarding usage.
This information is used to shape Next.js' roadmap and prioritize features.
You can learn more, including how to opt-out if you'd not like to participate in this anonymous program, by visiting the following URL:
https://nextjs.org/telemetry

  ▲ Next.js 14.2.28
  - Experiments (use with caution):
    · outputFileTracingRoot

   Creating an optimized production build ...
 ✓ Compiled successfully
   Skipping linting
   Checking validity of types ...
   Collecting page data ...
   Generating static pages (0/6) ...
   Generating static pages (1/6) 
   Generating static pages (2/6) 
   Generating static pages (4/6) 
 ✓ Generating static pages (6/6)
   Finalizing page optimization ...
   Collecting build traces ...

Route (app)                              Size     First Load JS
┌ ○ /                                    5.07 kB         111 kB
├ ○ /_not-found                          873 B            88 kB
├ ○ /offline                             10.7 kB         106 kB
└ ○ /test                                2.54 kB         108 kB
+ First Load JS shared by all            87.2 kB
  ├ chunks/117-858dd42fbe1707c8.js       31.6 kB
  ├ chunks/fd9d1056-b6d29294a4122bb6.js  53.6 kB
  └ other shared chunks (total)          1.93 kB


○  (Static)  prerendered as static content

Successfully built app artifact
