  ▲ Next.js 14.2.28
  - Local:        http://localhost:3000
  - Experiments (use with caution):
    · outputFileTracingRoot

 ✓ Starting...
 ✓ Ready in 1474ms
 ○ Compiling / ...
 ✓ Compiled / in 1899ms (626 modules)
 GET / 200 in 2263ms
 ✓ Compiled in 312ms (320 modules)
 GET / 200 in 36ms
 GET / 200 in 29ms
 GET / 200 in 24ms
 GET / 200 in 25ms
 ✓ Compiled in 351ms (320 modules)
 ✓ Compiled in 313ms (320 modules)
 ✓ Compiled in 324ms (320 modules)
 ✓ Compiled in 320ms (320 modules)
 ✓ Compiled in 271ms (320 modules)
 ✓ Compiled in 305ms (320 modules)
 ✓ Compiled in 250ms (320 modules)
 ✓ Compiled in 309ms (320 modules)
 ✓ Compiled in 298ms (320 modules)
 ✓ Compiled in 339ms (320 modules)
[?25h
