Error: Event handlers cannot be passed to Client Component props.
  {className: ..., onClick: function onClick, children: ...}
                            ^^^^^^^^^^^^^^^^
If you need interactivity, consider converting part of this to a Client Component.
    at ek (/opt/hostedapp/node/root/app/node_modules/next/dist/compiled/next-server/app-page.runtime.prod.js:12:140440)
    at Object.toJSON (/opt/hostedapp/node/root/app/node_modules/next/dist/compiled/next-server/app-page.runtime.prod.js:12:135629)
    at stringify (<anonymous>)
    at eP (/opt/hostedapp/node/root/app/node_modules/next/dist/compiled/next-server/app-page.runtime.prod.js:12:142093)
    at eE (/opt/hostedapp/node/root/app/node_modules/next/dist/compiled/next-server/app-page.runtime.prod.js:12:142572)
    at AsyncLocalStorage.run (node:internal/async_local_storage/async_hooks:91:14)
    at Timeout._onTimeout (/opt/hostedapp/node/root/app/node_modules/next/dist/compiled/next-server/app-page.runtime.prod.js:12:150373)
    at listOnTimeout (node:internal/timers:594:17)
    at process.processTimers (node:internal/timers:529:7) {
  digest: '2857404137'
}
Error: Event handlers cannot be passed to Client Component props.
  {className: ..., onClick: function onClick, children: ...}
                            ^^^^^^^^^^^^^^^^
If you need interactivity, consider converting part of this to a Client Component.
    at ek (/opt/hostedapp/node/root/app/node_modules/next/dist/compiled/next-server/app-page.runtime.prod.js:12:140440)
    at Object.toJSON (/opt/hostedapp/node/root/app/node_modules/next/dist/compiled/next-server/app-page.runtime.prod.js:12:135629)
    at stringify (<anonymous>)
    at eP (/opt/hostedapp/node/root/app/node_modules/next/dist/compiled/next-server/app-page.runtime.prod.js:12:142093)
    at eE (/opt/hostedapp/node/root/app/node_modules/next/dist/compiled/next-server/app-page.runtime.prod.js:12:142572)
    at Timeout._onTimeout (/opt/hostedapp/node/root/app/node_modules/next/dist/compiled/next-server/app-page.runtime.prod.js:12:135349)
    at listOnTimeout (node:internal/timers:594:17)
    at process.processTimers (node:internal/timers:529:7) {
  digest: '1740004931'
}
Error: Event handlers cannot be passed to Client Component props.
  {className: ..., onClick: function onClick, children: ...}
                            ^^^^^^^^^^^^^^^^
If you need interactivity, consider converting part of this to a Client Component.
    at ek (/opt/hostedapp/node/root/app/node_modules/next/dist/compiled/next-server/app-page.runtime.prod.js:12:140440)
    at Object.toJSON (/opt/hostedapp/node/root/app/node_modules/next/dist/compiled/next-server/app-page.runtime.prod.js:12:135629)
    at stringify (<anonymous>)
    at eP (/opt/hostedapp/node/root/app/node_modules/next/dist/compiled/next-server/app-page.runtime.prod.js:12:142093)
    at eE (/opt/hostedapp/node/root/app/node_modules/next/dist/compiled/next-server/app-page.runtime.prod.js:12:142572)
    at Timeout._onTimeout (/opt/hostedapp/node/root/app/node_modules/next/dist/compiled/next-server/app-page.runtime.prod.js:12:135349)
    at listOnTimeout (node:internal/timers:594:17)
    at process.processTimers (node:internal/timers:529:7) {
  digest: '1740004931'
}
 ⚠ Sending SIGTERM signal to Next.js build worker due to timeout of 60 seconds. Subsequent errors may be a result of the worker exiting.
 ⚠ Restarted static page generation for /offline because it took more than 60 seconds
 ⚠ See more info here https://nextjs.org/docs/messages/static-page-generation-timeout
Error: Event handlers cannot be passed to Client Component props.
  {className: ..., onClick: function onClick, children: ...}
                            ^^^^^^^^^^^^^^^^
If you need interactivity, consider converting part of this to a Client Component.
    at ek (/opt/hostedapp/node/root/app/node_modules/next/dist/compiled/next-server/app-page.runtime.prod.js:12:140440)
    at Object.toJSON (/opt/hostedapp/node/root/app/node_modules/next/dist/compiled/next-server/app-page.runtime.prod.js:12:135629)
    at stringify (<anonymous>)
    at eP (/opt/hostedapp/node/root/app/node_modules/next/dist/compiled/next-server/app-page.runtime.prod.js:12:142093)
    at eE (/opt/hostedapp/node/root/app/node_modules/next/dist/compiled/next-server/app-page.runtime.prod.js:12:142572)
    at AsyncLocalStorage.run (node:internal/async_local_storage/async_hooks:91:14)
    at Timeout._onTimeout (/opt/hostedapp/node/root/app/node_modules/next/dist/compiled/next-server/app-page.runtime.prod.js:12:150373)
    at listOnTimeout (node:internal/timers:594:17)
    at process.processTimers (node:internal/timers:529:7) {
  digest: '2857404137'
}
Error: Event handlers cannot be passed to Client Component props.
  {className: ..., onClick: function onClick, children: ...}
                            ^^^^^^^^^^^^^^^^
If you need interactivity, consider converting part of this to a Client Component.
    at ek (/opt/hostedapp/node/root/app/node_modules/next/dist/compiled/next-server/app-page.runtime.prod.js:12:140440)
    at Object.toJSON (/opt/hostedapp/node/root/app/node_modules/next/dist/compiled/next-server/app-page.runtime.prod.js:12:135629)
    at stringify (<anonymous>)
    at eP (/opt/hostedapp/node/root/app/node_modules/next/dist/compiled/next-server/app-page.runtime.prod.js:12:142093)
    at eE (/opt/hostedapp/node/root/app/node_modules/next/dist/compiled/next-server/app-page.runtime.prod.js:12:142572)
    at Timeout._onTimeout (/opt/hostedapp/node/root/app/node_modules/next/dist/compiled/next-server/app-page.runtime.prod.js:12:135349)
    at listOnTimeout (node:internal/timers:594:17)
    at process.processTimers (node:internal/timers:529:7) {
  digest: '1740004931'
}
Error: Event handlers cannot be passed to Client Component props.
  {className: ..., onClick: function onClick, children: ...}
                            ^^^^^^^^^^^^^^^^
If you need interactivity, consider converting part of this to a Client Component.
    at ek (/opt/hostedapp/node/root/app/node_modules/next/dist/compiled/next-server/app-page.runtime.prod.js:12:140440)
    at Object.toJSON (/opt/hostedapp/node/root/app/node_modules/next/dist/compiled/next-server/app-page.runtime.prod.js:12:135629)
    at stringify (<anonymous>)
    at eP (/opt/hostedapp/node/root/app/node_modules/next/dist/compiled/next-server/app-page.runtime.prod.js:12:142093)
    at eE (/opt/hostedapp/node/root/app/node_modules/next/dist/compiled/next-server/app-page.runtime.prod.js:12:142572)
    at Timeout._onTimeout (/opt/hostedapp/node/root/app/node_modules/next/dist/compiled/next-server/app-page.runtime.prod.js:12:135349)
    at listOnTimeout (node:internal/timers:594:17)
    at process.processTimers (node:internal/timers:529:7) {
  digest: '1740004931'
}
