  ▲ Next.js 14.2.28
  - Local:        http://localhost:3000
  - Experiments (use with caution):
    · outputFileTracingRoot

 ✓ Starting...
 ✓ Ready in 1399ms
 ○ Compiling /_not-found ...
 ✓ Compiled /_not-found in 1680ms (521 modules)
 GET /api/auth/csrf 404 in 2103ms
 ✓ Compiled in 405ms (268 modules)
 ✓ Compiled / in 462ms (617 modules)
 GET / 200 in 626ms
 GET / 200 in 38ms
 ✓ Compiled /offline in 484ms (667 modules)
 GET /offline 200 in 610ms
 GET / 200 in 32ms
 GET / 200 in 26ms
 GET / 200 in 27ms
 GET / 200 in 39ms
 GET /offline 200 in 40ms
 GET / 200 in 25ms
 GET / 200 in 22ms
 GET / 200 in 37ms
 GET /offline 200 in 24ms
[?25h
