  ▲ Next.js 14.2.28
  - Local:        http://localhost:3000
  - Experiments (use with caution):
    · outputFileTracingRoot

 ✓ Starting...
 ✓ Ready in 1763ms
 ○ Compiling /_not-found ...
 ✓ Compiled /_not-found in 4.4s (528 modules)
 GET /api/auth/csrf 404 in 4703ms
 ○ Compiling / ...
 ✓ Compiled / in 1539ms (617 modules)
 GET / 200 in 1416ms
 GET / 200 in 28ms
 ✓ Compiled /offline in 337ms (667 modules)
 GET /offline 200 in 462ms
 GET / 200 in 28ms
 GET / 200 in 21ms
 ✓ Compiled /test in 336ms (685 modules)
 GET /test 200 in 416ms
 ✓ Compiled in 508ms (697 modules)
 GET /test 200 in 279ms
 GET /test 200 in 25ms
 GET /test 200 in 25ms
 ✓ Compiled /_not-found in 593ms (587 modules)
 GET /test 404 in 52ms
 ✓ Compiled in 264ms (346 modules)
 GET /test 404 in 22ms
 ✓ Compiled in 430ms (587 modules)
 ✓ Compiled /test in 325ms (607 modules)
 GET /test 200 in 51ms
 GET /test 200 in 24ms
[?25h
