 тип ./app/page.tsx
Error: 
  [31mx[0m Expression expected
     ,-[[36;1;4m/home/ubuntu/price_scanner/app/app/page.tsx[0m:104:1]
 [2m104[0m |   };
 [2m105[0m | 
 [2m106[0m |   return (
 [2m107[0m |     <>
     : [31;1m     ^[0m
 [2m108[0m |       {/* PWA Update Prompt */}
 [2m109[0m |       <PWAUpdatePrompt />
 [2m110[0m |       
     `----

  [31mx[0m Expected ',', got '< (jsx tag start)'
     ,-[[36;1;4m/home/ubuntu/price_scanner/app/app/page.tsx[0m:106:1]
 [2m106[0m |   return (
 [2m107[0m |     <>
 [2m108[0m |       {/* PWA Update Prompt */}
 [2m109[0m |       <PWAUpdatePrompt />
     : [31;1m      ^[0m
 [2m110[0m |       
 [2m111[0m |       {/* PWA Install Prompt */}
 [2m112[0m |       <PWAInstallPrompt />
     `----

Caused by:
    Syntax Error

Import trace for requested module:
./app/page.tsx
