  ▲ Next.js 14.2.28
  - Local:        http://localhost:3000
  - Experiments (use with caution):
    · outputFileTracingRoot

 ✓ Starting...
 ✓ Ready in 1584ms
 ○ Compiling /_not-found ...
 ✓ Compiled /_not-found in 1674ms (521 modules)
 GET /api/auth/csrf 404 in 1952ms
 ○ Compiling / ...
 ✓ Compiled / in 1059ms (617 modules)
 GET / 200 in 837ms
 GET / 200 in 38ms
 ✓ Compiled /offline in 379ms (667 modules)
 GET /offline 200 in 521ms
 GET / 200 in 33ms
 GET / 200 in 26ms
 GET / 200 in 29ms
 GET / 200 in 26ms
 ✓ Compiled in 718ms (650 modules)
 GET / 200 in 457ms
 ✓ Compiled in 516ms (650 modules)
 GET / 200 in 114ms
[?25h
